2025-05-30 08:23:37.895 [restartedMain] INFO  com.shanzhu.tourism.BackendApplication - Starting BackendApplication using Java 1.8.0_201 on lwx with PID 3280 (D:\旅游推荐管理系统\006-旅游推荐管理系统\tourism-backend\target\classes started by 87658 in D:\旅游推荐管理系统\006-旅游推荐管理系统\tourism-backend)
2025-05-30 08:23:37.915 [restartedMain] INFO  com.shanzhu.tourism.BackendApplication - The following profiles are active: dev
2025-05-30 08:23:37.967 [restartedMain] INFO  o.s.b.d.env.DevToolsPropertyDefaultsPostProcessor - Devtools property defaults active! Set 'spring.devtools.add-properties' to 'false' to disable
2025-05-30 08:23:37.967 [restartedMain] INFO  o.s.b.d.env.DevToolsPropertyDefaultsPostProcessor - For additional web related logging consider setting the 'logging.level.web' property to 'DEBUG'
2025-05-30 08:23:38.557 [restartedMain] INFO  o.s.d.r.config.RepositoryConfigurationDelegate - Multiple Spring Data modules found, entering strict repository configuration mode!
2025-05-30 08:23:38.557 [restartedMain] INFO  o.s.d.r.config.RepositoryConfigurationDelegate - Bootstrapping Spring Data Redis repositories in DEFAULT mode.
2025-05-30 08:23:38.589 [restartedMain] INFO  o.s.d.r.config.RepositoryConfigurationDelegate - Finished Spring Data repository scanning in 19 ms. Found 0 Redis repository interfaces.
2025-05-30 08:23:39.079 [restartedMain] INFO  o.s.boot.web.embedded.tomcat.TomcatWebServer - Tomcat initialized with port(s): 8080 (http)
2025-05-30 08:23:39.086 [restartedMain] INFO  org.apache.coyote.http11.Http11NioProtocol - Initializing ProtocolHandler ["http-nio-8080"]
2025-05-30 08:23:39.088 [restartedMain] INFO  org.apache.catalina.core.StandardService - Starting service [Tomcat]
2025-05-30 08:23:39.088 [restartedMain] INFO  org.apache.catalina.core.StandardEngine - Starting Servlet engine: [Apache Tomcat/9.0.41]
2025-05-30 08:23:39.151 [restartedMain] INFO  o.a.c.core.ContainerBase.[Tomcat].[localhost].[/] - Initializing Spring embedded WebApplicationContext
2025-05-30 08:23:39.151 [restartedMain] INFO  o.s.b.w.s.c.ServletWebServerApplicationContext - Root WebApplicationContext: initialization completed in 1184 ms
2025-05-30 08:23:39.537 [restartedMain] INFO  c.a.d.s.b.a.DruidDataSourceAutoConfigure - Init DruidDataSource
2025-05-30 08:23:40.346 [restartedMain] INFO  com.alibaba.druid.pool.DruidDataSource - {dataSource-1} inited
2025-05-30 08:23:41.382 [restartedMain] INFO  o.s.scheduling.concurrent.ThreadPoolTaskExecutor - Initializing ExecutorService 'applicationTaskExecutor'
2025-05-30 08:23:41.604 [restartedMain] INFO  o.s.b.d.autoconfigure.OptionalLiveReloadServer - LiveReload server is running on port 35729
2025-05-30 08:23:41.620 [restartedMain] INFO  org.apache.coyote.http11.Http11NioProtocol - Starting ProtocolHandler ["http-nio-8080"]
2025-05-30 08:23:41.655 [restartedMain] INFO  o.s.boot.web.embedded.tomcat.TomcatWebServer - Tomcat started on port(s): 8080 (http) with context path ''
2025-05-30 08:23:41.657 [restartedMain] INFO  com.shanzhu.tourism.BackendApplication - Started BackendApplication in 4.27 seconds (JVM running for 5.204)
2025-05-30 08:23:41.657 [restartedMain] INFO  com.shanzhu.tourism.BackendApplication - =====================项目后端启动成功============================
2025-05-30 08:24:56.590 [http-nio-8080-exec-11] INFO  o.a.c.core.ContainerBase.[Tomcat].[localhost].[/] - Initializing Spring DispatcherServlet 'dispatcherServlet'
2025-05-30 08:24:56.591 [http-nio-8080-exec-11] INFO  org.springframework.web.servlet.DispatcherServlet - Initializing Servlet 'dispatcherServlet'
2025-05-30 08:24:56.591 [http-nio-8080-exec-11] INFO  org.springframework.web.servlet.DispatcherServlet - Completed initialization in 0 ms
